  [1m[35m (2.8ms)[0m  [1m[35mCREATE DATABASE "BlueBird_development" ENCODING = 'unicode'[0m
  ↳ bin/rails:4
  [1m[35m (1.4ms)[0m  [1m[35mCREATE DATABASE "BlueBird_test" ENCODING = 'unicode'[0m
  ↳ bin/rails:4
  [1m[35m (2.0ms)[0m  [1m[34mSELECT "schema_migrations"."version" FROM "schema_migrations" ORDER BY "schema_migrations"."version" ASC[0m
  ↳ bin/rails:4
  [1m[35m (0.8ms)[0m  [1m[34mSELECT "ar_internal_metadata"."value" FROM "ar_internal_metadata" WHERE "ar_internal_metadata"."key" = $1[0m  [["key", "environment"]]
  ↳ bin/rails:4
  [1m[35m (0.6ms)[0m  [1m[34mSELECT "schema_migrations"."version" FROM "schema_migrations" ORDER BY "schema_migrations"."version" ASC[0m
  ↳ bin/rails:4
  [1m[35m (0.5ms)[0m  [1m[34mSELECT "ar_internal_metadata"."value" FROM "ar_internal_metadata" WHERE "ar_internal_metadata"."key" = $1[0m  [["key", "environment"]]
  ↳ bin/rails:4
  [1m[35m (0.8ms)[0m  [1m[34mSELECT "schema_migrations"."version" FROM "schema_migrations" ORDER BY "schema_migrations"."version" ASC[0m
  ↳ bin/rails:4
  [1m[35m (0.6ms)[0m  [1m[34mSELECT "ar_internal_metadata"."value" FROM "ar_internal_metadata" WHERE "ar_internal_metadata"."key" = $1[0m  [["key", "environment"]]
  ↳ bin/rails:4
  [1m[35mSQL (1.1ms)[0m  [1m[35mCREATE EXTENSION IF NOT EXISTS "plpgsql"[0m
  ↳ db/schema.rb:16
  [1m[35m (31.1ms)[0m  [1m[35mDROP TABLE IF EXISTS "chirps" CASCADE[0m
  ↳ db/schema.rb:18
  [1m[35m (9.3ms)[0m  [1m[35mCREATE TABLE "chirps" ("id" bigserial primary key, "body" text NOT NULL, "author_id" integer NOT NULL, "created_at" timestamp NOT NULL, "updated_at" timestamp NOT NULL)[0m
  ↳ db/schema.rb:18
  [1m[35m (2.1ms)[0m  [1m[35mCREATE  INDEX  "index_chirps_on_author_id" ON "chirps"  ("author_id")[0m
  ↳ db/schema.rb:18
  [1m[35m (29.2ms)[0m  [1m[35mDROP TABLE IF EXISTS "follows" CASCADE[0m
  ↳ db/schema.rb:26
  [1m[35m (4.2ms)[0m  [1m[35mCREATE TABLE "follows" ("id" bigserial primary key, "follower_id" integer NOT NULL, "followee_id" integer NOT NULL, "created_at" timestamp NOT NULL, "updated_at" timestamp NOT NULL)[0m
  ↳ db/schema.rb:26
  [1m[35m (2.3ms)[0m  [1m[35mCREATE  INDEX  "index_follows_on_followee_id" ON "follows"  ("followee_id")[0m
  ↳ db/schema.rb:26
  [1m[35m (2.5ms)[0m  [1m[35mCREATE  INDEX  "index_follows_on_follower_id" ON "follows"  ("follower_id")[0m
  ↳ db/schema.rb:26
  [1m[35m (28.5ms)[0m  [1m[35mDROP TABLE IF EXISTS "likes" CASCADE[0m
  ↳ db/schema.rb:35
  [1m[35m (4.5ms)[0m  [1m[35mCREATE TABLE "likes" ("id" bigserial primary key, "user_id" integer NOT NULL, "chirp_id" integer NOT NULL, "created_at" timestamp NOT NULL, "updated_at" timestamp NOT NULL)[0m
  ↳ db/schema.rb:35
  [1m[35m (4.2ms)[0m  [1m[35mDROP TABLE IF EXISTS "users" CASCADE[0m
  ↳ db/schema.rb:42
  [1m[35m (9.2ms)[0m  [1m[35mCREATE TABLE "users" ("id" bigserial primary key, "username" character varying NOT NULL, "email" character varying, "password_digest" character varying, "session_token" character varying)[0m
  ↳ db/schema.rb:42
  [1m[35m (28.7ms)[0m  [1m[35mCREATE  INDEX  "index_users_on_session_token" ON "users"  ("session_token")[0m
  ↳ db/schema.rb:42
  [1m[35m (2.8ms)[0m  [1m[35mCREATE UNIQUE INDEX  "index_users_on_username" ON "users"  ("username")[0m
  ↳ db/schema.rb:42
  [1m[35m (1.2ms)[0m  [1m[34mSELECT "schema_migrations"."version" FROM "schema_migrations" ORDER BY "schema_migrations"."version" ASC[0m
  ↳ db/schema.rb:13
  [1m[36mActiveRecord::InternalMetadata Load (0.7ms)[0m  [1m[34mSELECT  "ar_internal_metadata".* FROM "ar_internal_metadata" WHERE "ar_internal_metadata"."key" = $1 LIMIT $2[0m  [["key", "environment"], ["LIMIT", 1]]
  ↳ db/schema.rb:13
  [1m[35m (18.5ms)[0m  [1m[35mBEGIN[0m
  ↳ db/schema.rb:13
  [1m[35m (0.3ms)[0m  [1m[35mCOMMIT[0m
  ↳ db/schema.rb:13
  [1m[36mActiveRecord::InternalMetadata Load (0.4ms)[0m  [1m[34mSELECT  "ar_internal_metadata".* FROM "ar_internal_metadata" WHERE "ar_internal_metadata"."key" = $1 LIMIT $2[0m  [["key", "environment"], ["LIMIT", 1]]
  ↳ bin/rails:4
  [1m[35m (0.2ms)[0m  [1m[35mBEGIN[0m
  ↳ bin/rails:4
  [1m[35m (0.2ms)[0m  [1m[35mCOMMIT[0m
  ↳ bin/rails:4
  [1m[35mSQL (0.4ms)[0m  [1m[35mCREATE EXTENSION IF NOT EXISTS "plpgsql"[0m
  ↳ db/schema.rb:16
  [1m[35m (9.8ms)[0m  [1m[35mDROP TABLE IF EXISTS "chirps" CASCADE[0m
  ↳ db/schema.rb:18
  [1m[35m (37.3ms)[0m  [1m[35mCREATE TABLE "chirps" ("id" bigserial primary key, "body" text NOT NULL, "author_id" integer NOT NULL, "created_at" timestamp NOT NULL, "updated_at" timestamp NOT NULL)[0m
  ↳ db/schema.rb:18
  [1m[35m (2.5ms)[0m  [1m[35mCREATE  INDEX  "index_chirps_on_author_id" ON "chirps"  ("author_id")[0m
  ↳ db/schema.rb:18
  [1m[35m (3.5ms)[0m  [1m[35mDROP TABLE IF EXISTS "follows" CASCADE[0m
  ↳ db/schema.rb:26
  [1m[35m (6.5ms)[0m  [1m[35mCREATE TABLE "follows" ("id" bigserial primary key, "follower_id" integer NOT NULL, "followee_id" integer NOT NULL, "created_at" timestamp NOT NULL, "updated_at" timestamp NOT NULL)[0m
  ↳ db/schema.rb:26
  [1m[35m (2.3ms)[0m  [1m[35mCREATE  INDEX  "index_follows_on_followee_id" ON "follows"  ("followee_id")[0m
  ↳ db/schema.rb:26
  [1m[35m (2.2ms)[0m  [1m[35mCREATE  INDEX  "index_follows_on_follower_id" ON "follows"  ("follower_id")[0m
  ↳ db/schema.rb:26
  [1m[35m (2.8ms)[0m  [1m[35mDROP TABLE IF EXISTS "likes" CASCADE[0m
  ↳ db/schema.rb:35
  [1m[35m (4.8ms)[0m  [1m[35mCREATE TABLE "likes" ("id" bigserial primary key, "user_id" integer NOT NULL, "chirp_id" integer NOT NULL, "created_at" timestamp NOT NULL, "updated_at" timestamp NOT NULL)[0m
  ↳ db/schema.rb:35
  [1m[35m (4.7ms)[0m  [1m[35mDROP TABLE IF EXISTS "users" CASCADE[0m
  ↳ db/schema.rb:42
  [1m[35m (31.6ms)[0m  [1m[35mCREATE TABLE "users" ("id" bigserial primary key, "username" character varying NOT NULL, "email" character varying, "password_digest" character varying, "session_token" character varying)[0m
  ↳ db/schema.rb:42
  [1m[35m (3.0ms)[0m  [1m[35mCREATE  INDEX  "index_users_on_session_token" ON "users"  ("session_token")[0m
  ↳ db/schema.rb:42
  [1m[35m (2.3ms)[0m  [1m[35mCREATE UNIQUE INDEX  "index_users_on_username" ON "users"  ("username")[0m
  ↳ db/schema.rb:42
  [1m[35m (1.1ms)[0m  [1m[34mSELECT "schema_migrations"."version" FROM "schema_migrations" ORDER BY "schema_migrations"."version" ASC[0m
  ↳ db/schema.rb:13
  [1m[36mActiveRecord::InternalMetadata Load (0.9ms)[0m  [1m[34mSELECT  "ar_internal_metadata".* FROM "ar_internal_metadata" WHERE "ar_internal_metadata"."key" = $1 LIMIT $2[0m  [["key", "environment"], ["LIMIT", 1]]
  ↳ db/schema.rb:13
  [1m[35m (0.2ms)[0m  [1m[35mBEGIN[0m
  ↳ db/schema.rb:13
  [1m[36mActiveRecord::InternalMetadata Update (0.5ms)[0m  [1m[33mUPDATE "ar_internal_metadata" SET "value" = $1, "updated_at" = $2 WHERE "ar_internal_metadata"."key" = $3[0m  [["value", "development"], ["updated_at", "2020-07-22 15:14:01.545071"], ["key", "environment"]]
  ↳ db/schema.rb:13
  [1m[35m (0.6ms)[0m  [1m[35mCOMMIT[0m
  ↳ db/schema.rb:13
  [1m[36mActiveRecord::InternalMetadata Load (0.4ms)[0m  [1m[34mSELECT  "ar_internal_metadata".* FROM "ar_internal_metadata" WHERE "ar_internal_metadata"."key" = $1 LIMIT $2[0m  [["key", "environment"], ["LIMIT", 1]]
  ↳ bin/rails:4
  [1m[35m (0.2ms)[0m  [1m[35mBEGIN[0m
  ↳ bin/rails:4
  [1m[36mActiveRecord::InternalMetadata Update (0.6ms)[0m  [1m[33mUPDATE "ar_internal_metadata" SET "value" = $1, "updated_at" = $2 WHERE "ar_internal_metadata"."key" = $3[0m  [["value", "test"], ["updated_at", "2020-07-22 15:14:01.550555"], ["key", "environment"]]
  ↳ bin/rails:4
  [1m[35m (0.5ms)[0m  [1m[35mCOMMIT[0m
  ↳ bin/rails:4
  [1m[35m (2.1ms)[0m  [1m[34mSELECT "schema_migrations"."version" FROM "schema_migrations" ORDER BY "schema_migrations"."version" ASC[0m
  ↳ bin/rails:4
  [1m[36mUser Load (15.7ms)[0m  [1m[34mSELECT "users".* FROM "users"[0m
  ↳ db/seeds.rb:9
  [1m[36mChirp Load (26.8ms)[0m  [1m[34mSELECT "chirps".* FROM "chirps"[0m
  ↳ db/seeds.rb:10
  [1m[36mLike Load (1.2ms)[0m  [1m[34mSELECT "likes".* FROM "likes"[0m
  ↳ db/seeds.rb:11
  [1m[35m (3.2ms)[0m  [1m[35mBEGIN[0m
  ↳ db/seeds.rb:13
  [1m[36mUser Exists (0.5ms)[0m  [1m[34mSELECT  1 AS one FROM "users" WHERE "users"."username" = $1 LIMIT $2[0m  [["username", "Elia Stehr"], ["LIMIT", 1]]
  ↳ db/seeds.rb:13
  [1m[36mUser Create (0.9ms)[0m  [1m[32mINSERT INTO "users" ("username", "email", "password_digest", "session_token") VALUES ($1, $2, $3, $4) RETURNING "id"[0m  [["username", "Elia Stehr"], ["email", "micheal.durgan@ankunding.co"], ["password_digest", "$2a$12$k0VIgFoWX0yX.B32lP5f6uk5xhbCrFcdbEdCe5jQ0XnZ/9izT8CzS"], ["session_token", "r6AVuE5PJJerdBYpMjO0Jg"]]
  ↳ db/seeds.rb:13
  [1m[35m (0.9ms)[0m  [1m[35mCOMMIT[0m
  ↳ db/seeds.rb:13
  [1m[35m (0.3ms)[0m  [1m[35mBEGIN[0m
  ↳ db/seeds.rb:14
  [1m[36mUser Exists (0.4ms)[0m  [1m[34mSELECT  1 AS one FROM "users" WHERE "users"."username" = $1 LIMIT $2[0m  [["username", "Brett Effertz"], ["LIMIT", 1]]
  ↳ db/seeds.rb:14
  [1m[36mUser Create (0.3ms)[0m  [1m[32mINSERT INTO "users" ("username", "email", "password_digest", "session_token") VALUES ($1, $2, $3, $4) RETURNING "id"[0m  [["username", "Brett Effertz"], ["email", "winnifred.lemke@ledner.biz"], ["password_digest", "$2a$12$nD0Es4LBqCEXgqi2.GZXg.hgiX7EEDdBtdq.Qb2Rkz0RtyHhU1GoC"], ["session_token", "SKBmQfFrPJ6K8mDc-k3KhQ"]]
  ↳ db/seeds.rb:14
  [1m[35m (0.8ms)[0m  [1m[35mCOMMIT[0m
  ↳ db/seeds.rb:14
  [1m[35m (16.4ms)[0m  [1m[35mBEGIN[0m
  ↳ db/seeds.rb:15
  [1m[36mUser Exists (0.4ms)[0m  [1m[34mSELECT  1 AS one FROM "users" WHERE "users"."username" = $1 LIMIT $2[0m  [["username", "Lovetta Keebler Ret."], ["LIMIT", 1]]
  ↳ db/seeds.rb:15
  [1m[36mUser Create (0.3ms)[0m  [1m[32mINSERT INTO "users" ("username", "email", "password_digest", "session_token") VALUES ($1, $2, $3, $4) RETURNING "id"[0m  [["username", "Lovetta Keebler Ret."], ["email", "forest@rippin-mertz.co"], ["password_digest", "$2a$12$b4NeA3A.RBfEOCCjCItkdeDZr9VY9eqqv.Zo97FG2X3jWhH7JmTL."], ["session_token", "iV2cDoxdBIhIcDAveOsk9w"]]
  ↳ db/seeds.rb:15
  [1m[35m (1.1ms)[0m  [1m[35mCOMMIT[0m
  ↳ db/seeds.rb:15
  [1m[35m (0.4ms)[0m  [1m[35mBEGIN[0m
  ↳ db/seeds.rb:16
  [1m[36mUser Exists (1.2ms)[0m  [1m[34mSELECT  1 AS one FROM "users" WHERE "users"."username" = $1 LIMIT $2[0m  [["username", "Lawerence Mann Jr."], ["LIMIT", 1]]
  ↳ db/seeds.rb:16
  [1m[36mUser Create (1.3ms)[0m  [1m[32mINSERT INTO "users" ("username", "email", "password_digest", "session_token") VALUES ($1, $2, $3, $4) RETURNING "id"[0m  [["username", "Lawerence Mann Jr."], ["email", "lore@mueller.net"], ["password_digest", "$2a$12$E9xpz1laavdEv1fffbdLMuPMeUxnzbIW2iwpvFOHldmkRMXTfaSKK"], ["session_token", "BWubWVUnGdjK4VAb4yDU9A"]]
  ↳ db/seeds.rb:16
  [1m[35m (1.3ms)[0m  [1m[35mCOMMIT[0m
  ↳ db/seeds.rb:16
  [1m[35m (12.9ms)[0m  [1m[35mBEGIN[0m
  ↳ db/seeds.rb:17
  [1m[36mUser Exists (0.5ms)[0m  [1m[34mSELECT  1 AS one FROM "users" WHERE "users"."username" = $1 LIMIT $2[0m  [["username", "Dana Zulauf"], ["LIMIT", 1]]
  ↳ db/seeds.rb:17
  [1m[36mUser Create (0.3ms)[0m  [1m[32mINSERT INTO "users" ("username", "email", "password_digest", "session_token") VALUES ($1, $2, $3, $4) RETURNING "id"[0m  [["username", "Dana Zulauf"], ["email", "otha@hirthe.net"], ["password_digest", "$2a$12$EVqyd/8p37QEiFIKEburY.QhA64WKU/9tc7hsBto9JGM0EUtPrucC"], ["session_token", "Ef1tvbMQl3dUyBIn775AiA"]]
  ↳ db/seeds.rb:17
  [1m[35m (1.1ms)[0m  [1m[35mCOMMIT[0m
  ↳ db/seeds.rb:17
  [1m[35m (2.7ms)[0m  [1m[35mBEGIN[0m
  ↳ db/seeds.rb:18
  [1m[36mUser Exists (0.4ms)[0m  [1m[34mSELECT  1 AS one FROM "users" WHERE "users"."username" = $1 LIMIT $2[0m  [["username", "Nicolas O'Hara"], ["LIMIT", 1]]
  ↳ db/seeds.rb:18
  [1m[36mUser Create (0.6ms)[0m  [1m[32mINSERT INTO "users" ("username", "email", "password_digest", "session_token") VALUES ($1, $2, $3, $4) RETURNING "id"[0m  [["username", "Nicolas O'Hara"], ["email", "kaleigh.ledner@krajcik.net"], ["password_digest", "$2a$12$rfQQVnm2SC1UfUfVE08hhueGQqKicFGsrZGPA5vjv.ZHmRwz1LFLy"], ["session_token", "UjGZfJSLE5zvvDH9yiJlmQ"]]
  ↳ db/seeds.rb:18
  [1m[35m (0.9ms)[0m  [1m[35mCOMMIT[0m
  ↳ db/seeds.rb:18
  [1m[35m (24.4ms)[0m  [1m[35mBEGIN[0m
  ↳ db/seeds.rb:19
  [1m[36mUser Exists (0.5ms)[0m  [1m[34mSELECT  1 AS one FROM "users" WHERE "users"."username" = $1 LIMIT $2[0m  [["username", "Desmond Kunze"], ["LIMIT", 1]]
  ↳ db/seeds.rb:19
  [1m[36mUser Create (0.4ms)[0m  [1m[32mINSERT INTO "users" ("username", "email", "password_digest", "session_token") VALUES ($1, $2, $3, $4) RETURNING "id"[0m  [["username", "Desmond Kunze"], ["email", "scarlet_smith@farrell-pacocha.com"], ["password_digest", "$2a$12$B4Y1Gb68XtlG6xN4.jWdbO5rbEcYVAxHIK7txgokmbt58AMMi1RS6"], ["session_token", "9t245ZkzYB-ca2vgTuSuTQ"]]
  ↳ db/seeds.rb:19
  [1m[35m (0.6ms)[0m  [1m[35mCOMMIT[0m
  ↳ db/seeds.rb:19
  [1m[35m (11.6ms)[0m  [1m[35mBEGIN[0m
  ↳ db/seeds.rb:20
  [1m[36mUser Exists (0.4ms)[0m  [1m[34mSELECT  1 AS one FROM "users" WHERE "users"."username" = $1 LIMIT $2[0m  [["username", "Saran Jerde"], ["LIMIT", 1]]
  ↳ db/seeds.rb:20
  [1m[36mUser Create (0.3ms)[0m  [1m[32mINSERT INTO "users" ("username", "email", "password_digest", "session_token") VALUES ($1, $2, $3, $4) RETURNING "id"[0m  [["username", "Saran Jerde"], ["email", "harry_berge@gutmann-goodwin.info"], ["password_digest", "$2a$12$AF.LMvF9scaeygB/Q0qk4urnI4hX33V/rm8LCarAngAiR2zJOW1Li"], ["session_token", "yATD5go_0A2RgQx0bPRduw"]]
  ↳ db/seeds.rb:20
  [1m[35m (0.5ms)[0m  [1m[35mCOMMIT[0m
  ↳ db/seeds.rb:20
  [1m[35m (0.4ms)[0m  [1m[35mBEGIN[0m
  ↳ db/seeds.rb:21
  [1m[36mUser Exists (0.3ms)[0m  [1m[34mSELECT  1 AS one FROM "users" WHERE "users"."username" = $1 LIMIT $2[0m  [["username", "Loida White"], ["LIMIT", 1]]
  ↳ db/seeds.rb:21
  [1m[36mUser Create (0.4ms)[0m  [1m[32mINSERT INTO "users" ("username", "email", "password_digest", "session_token") VALUES ($1, $2, $3, $4) RETURNING "id"[0m  [["username", "Loida White"], ["email", "thomas@okuneva-koch.name"], ["password_digest", "$2a$12$x2tCX0KSZxO3taqPoRG3SO0.Qd3QzbDc/4IYjB4D1dWmKQHvD9w/q"], ["session_token", "zjcYBVHGeb-fm3r6JRVUVw"]]
  ↳ db/seeds.rb:21
  [1m[35m (0.8ms)[0m  [1m[35mCOMMIT[0m
  ↳ db/seeds.rb:21
  [1m[35m (0.3ms)[0m  [1m[35mBEGIN[0m
  ↳ db/seeds.rb:23
  [1m[36mUser Load (0.5ms)[0m  [1m[34mSELECT  "users".* FROM "users" WHERE "users"."id" = $1 LIMIT $2[0m  [["id", 1], ["LIMIT", 1]]
  ↳ db/seeds.rb:23
  [1m[36mChirp Create (1.0ms)[0m  [1m[32mINSERT INTO "chirps" ("body", "author_id", "created_at", "updated_at") VALUES ($1, $2, $3, $4) RETURNING "id"[0m  [["body", "You're a wizard, Harry."], ["author_id", 1], ["created_at", "2020-07-22 15:14:04.943055"], ["updated_at", "2020-07-22 15:14:04.943055"]]
  ↳ db/seeds.rb:23
  [1m[35m (0.6ms)[0m  [1m[35mCOMMIT[0m
  ↳ db/seeds.rb:23
  [1m[35m (0.2ms)[0m  [1m[35mBEGIN[0m
  ↳ db/seeds.rb:24
  [1m[36mUser Load (0.5ms)[0m  [1m[34mSELECT  "users".* FROM "users" WHERE "users"."id" = $1 LIMIT $2[0m  [["id", 1], ["LIMIT", 1]]
  ↳ db/seeds.rb:24
  [1m[36mChirp Create (0.8ms)[0m  [1m[32mINSERT INTO "chirps" ("body", "author_id", "created_at", "updated_at") VALUES ($1, $2, $3, $4) RETURNING "id"[0m  [["body", "Of course it is happening inside your head, Harry, but why on earth should that mean that it is not real?"], ["author_id", 1], ["created_at", "2020-07-22 15:14:04.948884"], ["updated_at", "2020-07-22 15:14:04.948884"]]
  ↳ db/seeds.rb:24
  [1m[35m (0.6ms)[0m  [1m[35mCOMMIT[0m
  ↳ db/seeds.rb:24
  [1m[35m (0.2ms)[0m  [1m[35mBEGIN[0m
  ↳ db/seeds.rb:25
  [1m[36mUser Load (0.4ms)[0m  [1m[34mSELECT  "users".* FROM "users" WHERE "users"."id" = $1 LIMIT $2[0m  [["id", 1], ["LIMIT", 1]]
  ↳ db/seeds.rb:25
  [1m[36mChirp Create (0.8ms)[0m  [1m[32mINSERT INTO "chirps" ("body", "author_id", "created_at", "updated_at") VALUES ($1, $2, $3, $4) RETURNING "id"[0m  [["body", "It’s wingardium leviOsa, not leviosAH."], ["author_id", 1], ["created_at", "2020-07-22 15:14:04.954411"], ["updated_at", "2020-07-22 15:14:04.954411"]]
  ↳ db/seeds.rb:25
  [1m[35m (0.8ms)[0m  [1m[35mCOMMIT[0m
  ↳ db/seeds.rb:25
  [1m[35m (0.3ms)[0m  [1m[35mBEGIN[0m
  ↳ db/seeds.rb:26
  [1m[36mUser Load (0.6ms)[0m  [1m[34mSELECT  "users".* FROM "users" WHERE "users"."id" = $1 LIMIT $2[0m  [["id", 2], ["LIMIT", 1]]
  ↳ db/seeds.rb:26
  [1m[36mChirp Create (0.7ms)[0m  [1m[32mINSERT INTO "chirps" ("body", "author_id", "created_at", "updated_at") VALUES ($1, $2, $3, $4) RETURNING "id"[0m  [["body", "We could all have been killed - or worse, expelled."], ["author_id", 2], ["created_at", "2020-07-22 15:14:04.960761"], ["updated_at", "2020-07-22 15:14:04.960761"]]
  ↳ db/seeds.rb:26
  [1m[35m (0.4ms)[0m  [1m[35mCOMMIT[0m
  ↳ db/seeds.rb:26
  [1m[35m (0.2ms)[0m  [1m[35mBEGIN[0m
  ↳ db/seeds.rb:27
  [1m[36mUser Load (25.1ms)[0m  [1m[34mSELECT  "users".* FROM "users" WHERE "users"."id" = $1 LIMIT $2[0m  [["id", 2], ["LIMIT", 1]]
  ↳ db/seeds.rb:27
  [1m[36mChirp Create (0.4ms)[0m  [1m[32mINSERT INTO "chirps" ("body", "author_id", "created_at", "updated_at") VALUES ($1, $2, $3, $4) RETURNING "id"[0m  [["body", "I solemnly swear that I am up to no good."], ["author_id", 2], ["created_at", "2020-07-22 15:14:04.991311"], ["updated_at", "2020-07-22 15:14:04.991311"]]
  ↳ db/seeds.rb:27
  [1m[35m (0.6ms)[0m  [1m[35mCOMMIT[0m
  ↳ db/seeds.rb:27
  [1m[35m (0.1ms)[0m  [1m[35mBEGIN[0m
  ↳ db/seeds.rb:28
  [1m[36mUser Load (0.4ms)[0m  [1m[34mSELECT  "users".* FROM "users" WHERE "users"."id" = $1 LIMIT $2[0m  [["id", 2], ["LIMIT", 1]]
  ↳ db/seeds.rb:28
  [1m[36mChirp Create (0.5ms)[0m  [1m[32mINSERT INTO "chirps" ("body", "author_id", "created_at", "updated_at") VALUES ($1, $2, $3, $4) RETURNING "id"[0m  [["body", "To the well-organized mind, death is but the next great adventure."], ["author_id", 2], ["created_at", "2020-07-22 15:14:04.995529"], ["updated_at", "2020-07-22 15:14:04.995529"]]
  ↳ db/seeds.rb:28
  [1m[35m (0.4ms)[0m  [1m[35mCOMMIT[0m
  ↳ db/seeds.rb:28
  [1m[35m (0.3ms)[0m  [1m[35mBEGIN[0m
  ↳ db/seeds.rb:30
  [1m[36mChirp Load (0.9ms)[0m  [1m[34mSELECT  "chirps".* FROM "chirps" WHERE "chirps"."id" = $1 LIMIT $2[0m  [["id", 1], ["LIMIT", 1]]
  ↳ db/seeds.rb:30
  [1m[36mUser Load (0.4ms)[0m  [1m[34mSELECT  "users".* FROM "users" WHERE "users"."id" = $1 LIMIT $2[0m  [["id", 3], ["LIMIT", 1]]
  ↳ db/seeds.rb:30
  [1m[36mLike Create (25.8ms)[0m  [1m[32mINSERT INTO "likes" ("user_id", "chirp_id", "created_at", "updated_at") VALUES ($1, $2, $3, $4) RETURNING "id"[0m  [["user_id", 3], ["chirp_id", 1], ["created_at", "2020-07-22 15:14:05.014385"], ["updated_at", "2020-07-22 15:14:05.014385"]]
  ↳ db/seeds.rb:30
  [1m[35m (0.5ms)[0m  [1m[35mCOMMIT[0m
  ↳ db/seeds.rb:30
  [1m[35m (0.1ms)[0m  [1m[35mBEGIN[0m
  ↳ db/seeds.rb:31
  [1m[36mChirp Load (0.5ms)[0m  [1m[34mSELECT  "chirps".* FROM "chirps" WHERE "chirps"."id" = $1 LIMIT $2[0m  [["id", 2], ["LIMIT", 1]]
  ↳ db/seeds.rb:31
  [1m[36mUser Load (0.2ms)[0m  [1m[34mSELECT  "users".* FROM "users" WHERE "users"."id" = $1 LIMIT $2[0m  [["id", 4], ["LIMIT", 1]]
  ↳ db/seeds.rb:31
  [1m[36mLike Create (0.3ms)[0m  [1m[32mINSERT INTO "likes" ("user_id", "chirp_id", "created_at", "updated_at") VALUES ($1, $2, $3, $4) RETURNING "id"[0m  [["user_id", 4], ["chirp_id", 2], ["created_at", "2020-07-22 15:14:05.044896"], ["updated_at", "2020-07-22 15:14:05.044896"]]
  ↳ db/seeds.rb:31
  [1m[35m (0.5ms)[0m  [1m[35mCOMMIT[0m
  ↳ db/seeds.rb:31
  [1m[35m (0.1ms)[0m  [1m[35mBEGIN[0m
  ↳ db/seeds.rb:32
  [1m[36mChirp Load (0.2ms)[0m  [1m[34mSELECT  "chirps".* FROM "chirps" WHERE "chirps"."id" = $1 LIMIT $2[0m  [["id", 3], ["LIMIT", 1]]
  ↳ db/seeds.rb:32
  [1m[36mUser Load (0.1ms)[0m  [1m[34mSELECT  "users".* FROM "users" WHERE "users"."id" = $1 LIMIT $2[0m  [["id", 5], ["LIMIT", 1]]
  ↳ db/seeds.rb:32
  [1m[36mLike Create (0.2ms)[0m  [1m[32mINSERT INTO "likes" ("user_id", "chirp_id", "created_at", "updated_at") VALUES ($1, $2, $3, $4) RETURNING "id"[0m  [["user_id", 5], ["chirp_id", 3], ["created_at", "2020-07-22 15:14:05.048001"], ["updated_at", "2020-07-22 15:14:05.048001"]]
  ↳ db/seeds.rb:32
  [1m[35m (0.3ms)[0m  [1m[35mCOMMIT[0m
  ↳ db/seeds.rb:32
  [1m[35m (0.1ms)[0m  [1m[35mBEGIN[0m
  ↳ db/seeds.rb:33
  [1m[36mChirp Load (0.3ms)[0m  [1m[34mSELECT  "chirps".* FROM "chirps" WHERE "chirps"."id" = $1 LIMIT $2[0m  [["id", 3], ["LIMIT", 1]]
  ↳ db/seeds.rb:33
  [1m[36mUser Load (0.2ms)[0m  [1m[34mSELECT  "users".* FROM "users" WHERE "users"."id" = $1 LIMIT $2[0m  [["id", 3], ["LIMIT", 1]]
  ↳ db/seeds.rb:33
  [1m[36mLike Create (0.3ms)[0m  [1m[32mINSERT INTO "likes" ("user_id", "chirp_id", "created_at", "updated_at") VALUES ($1, $2, $3, $4) RETURNING "id"[0m  [["user_id", 3], ["chirp_id", 3], ["created_at", "2020-07-22 15:14:05.051721"], ["updated_at", "2020-07-22 15:14:05.051721"]]
  ↳ db/seeds.rb:33
  [1m[35m (0.7ms)[0m  [1m[35mCOMMIT[0m
  ↳ db/seeds.rb:33
  [1m[35m (0.2ms)[0m  [1m[35mBEGIN[0m
  ↳ db/seeds.rb:34
  [1m[36mChirp Load (0.3ms)[0m  [1m[34mSELECT  "chirps".* FROM "chirps" WHERE "chirps"."id" = $1 LIMIT $2[0m  [["id", 1], ["LIMIT", 1]]
  ↳ db/seeds.rb:34
  [1m[36mUser Load (0.5ms)[0m  [1m[34mSELECT  "users".* FROM "users" WHERE "users"."id" = $1 LIMIT $2[0m  [["id", 4], ["LIMIT", 1]]
  ↳ db/seeds.rb:34
  [1m[36mLike Create (0.4ms)[0m  [1m[32mINSERT INTO "likes" ("user_id", "chirp_id", "created_at", "updated_at") VALUES ($1, $2, $3, $4) RETURNING "id"[0m  [["user_id", 4], ["chirp_id", 1], ["created_at", "2020-07-22 15:14:05.056163"], ["updated_at", "2020-07-22 15:14:05.056163"]]
  ↳ db/seeds.rb:34
  [1m[35m (0.6ms)[0m  [1m[35mCOMMIT[0m
  ↳ db/seeds.rb:34
  [1m[35m (0.2ms)[0m  [1m[35mBEGIN[0m
  ↳ db/seeds.rb:35
  [1m[36mChirp Load (0.5ms)[0m  [1m[34mSELECT  "chirps".* FROM "chirps" WHERE "chirps"."id" = $1 LIMIT $2[0m  [["id", 2], ["LIMIT", 1]]
  ↳ db/seeds.rb:35
  [1m[36mUser Load (0.3ms)[0m  [1m[34mSELECT  "users".* FROM "users" WHERE "users"."id" = $1 LIMIT $2[0m  [["id", 5], ["LIMIT", 1]]
  ↳ db/seeds.rb:35
  [1m[36mLike Create (0.3ms)[0m  [1m[32mINSERT INTO "likes" ("user_id", "chirp_id", "created_at", "updated_at") VALUES ($1, $2, $3, $4) RETURNING "id"[0m  [["user_id", 5], ["chirp_id", 2], ["created_at", "2020-07-22 15:14:05.060996"], ["updated_at", "2020-07-22 15:14:05.060996"]]
  ↳ db/seeds.rb:35
  [1m[35m (0.5ms)[0m  [1m[35mCOMMIT[0m
  ↳ db/seeds.rb:35
Started GET "/" for ::1 at 2020-07-22 11:20:59 -0400
  [1m[35m (1.0ms)[0m  [1m[34mSELECT "schema_migrations"."version" FROM "schema_migrations" ORDER BY "schema_migrations"."version" ASC[0m
  ↳ /Users/artemsilka/.rbenv/versions/2.5.1/lib/ruby/gems/2.5.0/gems/activerecord-5.2.4.3/lib/active_record/log_subscriber.rb:98
Processing by RootController#root as HTML
  Rendering root/root.html.erb within layouts/application
  Rendered root/root.html.erb within layouts/application (0.9ms)
Completed 200 OK in 1485ms (Views: 1482.8ms | ActiveRecord: 0.0ms)


Started GET "/" for ::1 at 2020-07-22 11:22:18 -0400
Processing by RootController#root as HTML
  Rendering root/root.html.erb within layouts/application
  Rendered root/root.html.erb within layouts/application (0.6ms)
Completed 200 OK in 268ms (Views: 263.7ms | ActiveRecord: 0.0ms)


Started POST "/api/users" for ::1 at 2020-07-22 11:22:30 -0400
Processing by Api::UsersController#create as JSON
  Parameters: {"user"=>{"username"=>"test1", "email"=>"test1", "password"=>"[FILTERED]"}}
  [1m[35m (0.2ms)[0m  [1m[35mBEGIN[0m
  ↳ app/controllers/api/users_controller.rb:4
  [1m[36mUser Exists (1.1ms)[0m  [1m[34mSELECT  1 AS one FROM "users" WHERE "users"."username" = $1 LIMIT $2[0m  [["username", "test1"], ["LIMIT", 1]]
  ↳ app/controllers/api/users_controller.rb:4
  [1m[36mUser Create (0.6ms)[0m  [1m[32mINSERT INTO "users" ("username", "email", "password_digest", "session_token") VALUES ($1, $2, $3, $4) RETURNING "id"[0m  [["username", "test1"], ["email", "test1"], ["password_digest", "$2a$12$MmAV0VfeBksYQDE/PgACSOILEVzZZS7hrRsLCnrOqCiZqurfcnhiO"], ["session_token", "KcheCcRRONV_BKpMA8irww"]]
  ↳ app/controllers/api/users_controller.rb:4
  [1m[35m (1.1ms)[0m  [1m[35mCOMMIT[0m
  ↳ app/controllers/api/users_controller.rb:4
  Rendering api/users/show.json.jbuilder
  Rendered api/users/show.json.jbuilder (0.4ms)
Completed 200 OK in 320ms (Views: 6.8ms | ActiveRecord: 41.1ms)


Started GET "/api/chirps" for ::1 at 2020-07-22 11:22:30 -0400
Processing by Api::ChirpsController#index as JSON
  Rendering api/chirps/index.json.jbuilder
  [1m[36mChirp Load (0.8ms)[0m  [1m[34mSELECT "chirps".* FROM "chirps"[0m
  ↳ app/views/api/chirps/index.json.jbuilder:1
  Rendered api/chirps/_chirp.json.jbuilder (0.3ms)
  Rendered api/chirps/_chirp.json.jbuilder (0.1ms)
  Rendered api/chirps/_chirp.json.jbuilder (0.1ms)
  Rendered api/chirps/_chirp.json.jbuilder (0.0ms)
  Rendered api/chirps/_chirp.json.jbuilder (0.0ms)
  Rendered api/chirps/_chirp.json.jbuilder (0.0ms)
  Rendered api/chirps/index.json.jbuilder (41.0ms)
Completed 200 OK in 58ms (Views: 19.7ms | ActiveRecord: 28.0ms)


Started GET "/" for ::1 at 2020-07-22 11:32:07 -0400
Processing by RootController#root as HTML
  Rendering root/root.html.erb within layouts/application
  Rendered root/root.html.erb within layouts/application (0.4ms)
Completed 200 OK in 252ms (Views: 249.0ms | ActiveRecord: 0.0ms)


Started POST "/api/users" for ::1 at 2020-07-22 11:32:20 -0400
Processing by Api::UsersController#create as JSON
  Parameters: {"user"=>{"username"=>"qwerty", "email"=>"qwerty", "password"=>"[FILTERED]"}}
  [1m[35m (0.3ms)[0m  [1m[35mBEGIN[0m
  ↳ app/controllers/api/users_controller.rb:4
  [1m[36mUser Exists (1.3ms)[0m  [1m[34mSELECT  1 AS one FROM "users" WHERE "users"."username" = $1 LIMIT $2[0m  [["username", "qwerty"], ["LIMIT", 1]]
  ↳ app/controllers/api/users_controller.rb:4
  [1m[36mUser Create (0.6ms)[0m  [1m[32mINSERT INTO "users" ("username", "email", "password_digest", "session_token") VALUES ($1, $2, $3, $4) RETURNING "id"[0m  [["username", "qwerty"], ["email", "qwerty"], ["password_digest", "$2a$12$Pq4VJvE9w2SliwKCexJs5ezjU/4lSsxPmqtN5Jb7lu7Is.CF5N0Pe"], ["session_token", "qpx0ezYKDwR0BMuxuqneMQ"]]
  ↳ app/controllers/api/users_controller.rb:4
  [1m[35m (1.1ms)[0m  [1m[35mCOMMIT[0m
  ↳ app/controllers/api/users_controller.rb:4
  Rendering api/users/show.json.jbuilder
  Rendered api/users/show.json.jbuilder (0.4ms)
Completed 200 OK in 250ms (Views: 6.1ms | ActiveRecord: 3.3ms)


Started GET "/api/chirps" for ::1 at 2020-07-22 11:32:21 -0400
Processing by Api::ChirpsController#index as JSON
  Rendering api/chirps/index.json.jbuilder
  [1m[36mChirp Load (0.8ms)[0m  [1m[34mSELECT "chirps".* FROM "chirps"[0m
  ↳ app/views/api/chirps/index.json.jbuilder:1
  Rendered api/chirps/_chirp.json.jbuilder (0.3ms)
  Rendered api/chirps/_chirp.json.jbuilder (0.0ms)
  Rendered api/chirps/_chirp.json.jbuilder (0.0ms)
  Rendered api/chirps/_chirp.json.jbuilder (0.0ms)
  Rendered api/chirps/_chirp.json.jbuilder (0.0ms)
  Rendered api/chirps/_chirp.json.jbuilder (0.0ms)
  Rendered api/chirps/index.json.jbuilder (6.3ms)
Completed 200 OK in 16ms (Views: 12.8ms | ActiveRecord: 0.8ms)


Started DELETE "/api/session" for ::1 at 2020-07-22 11:32:23 -0400
Processing by Api::SessionsController#destroy as JSON
  [1m[36mUser Load (0.4ms)[0m  [1m[34mSELECT  "users".* FROM "users" WHERE "users"."session_token" = $1 LIMIT $2[0m  [["session_token", "qpx0ezYKDwR0BMuxuqneMQ"], ["LIMIT", 1]]
  ↳ app/controllers/application_controller.rb:26
  [1m[35m (0.3ms)[0m  [1m[35mBEGIN[0m
  ↳ app/models/user.rb:84
  [1m[36mUser Exists (0.6ms)[0m  [1m[34mSELECT  1 AS one FROM "users" WHERE "users"."username" = $1 AND "users"."id" != $2 LIMIT $3[0m  [["username", "qwerty"], ["id", 11], ["LIMIT", 1]]
  ↳ app/models/user.rb:84
  [1m[36mUser Update (0.7ms)[0m  [1m[33mUPDATE "users" SET "session_token" = $1 WHERE "users"."id" = $2[0m  [["session_token", "dmbHDHlH4nUxVb9kGC-C0w"], ["id", 11]]
  ↳ app/models/user.rb:84
  [1m[35m (0.8ms)[0m  [1m[35mCOMMIT[0m
  ↳ app/models/user.rb:84
Completed 200 OK in 10ms (Views: 0.3ms | ActiveRecord: 3.2ms)


Started GET "/" for ::1 at 2020-07-22 11:38:20 -0400
Processing by RootController#root as HTML
  Rendering root/root.html.erb within layouts/application
  Rendered root/root.html.erb within layouts/application (0.3ms)
Completed 200 OK in 38ms (Views: 33.8ms | ActiveRecord: 0.0ms)


Started POST "/api/users" for ::1 at 2020-07-22 11:38:34 -0400
Processing by Api::UsersController#create as JSON
  Parameters: {"user"=>{"username"=>"qwe", "email"=>"qwe", "password"=>"[FILTERED]"}}
  [1m[35m (0.3ms)[0m  [1m[35mBEGIN[0m
  ↳ app/controllers/api/users_controller.rb:4
  [1m[36mUser Exists (1.4ms)[0m  [1m[34mSELECT  1 AS one FROM "users" WHERE "users"."username" = $1 LIMIT $2[0m  [["username", "qwe"], ["LIMIT", 1]]
  ↳ app/controllers/api/users_controller.rb:4
  [1m[36mUser Create (0.6ms)[0m  [1m[32mINSERT INTO "users" ("username", "email", "password_digest", "session_token") VALUES ($1, $2, $3, $4) RETURNING "id"[0m  [["username", "qwe"], ["email", "qwe"], ["password_digest", "$2a$12$eFQqxqxeZd3ebg7WiQaTpOR5vSJNDTcrEmIdU.WJU0Id.MPYzST/G"], ["session_token", "hQH_UV1mITLOXecwsCXGKA"]]
  ↳ app/controllers/api/users_controller.rb:4
  [1m[35m (1.1ms)[0m  [1m[35mCOMMIT[0m
  ↳ app/controllers/api/users_controller.rb:4
  Rendering api/users/show.json.jbuilder
  Rendered api/users/show.json.jbuilder (0.6ms)
Completed 200 OK in 254ms (Views: 6.0ms | ActiveRecord: 3.4ms)


Started GET "/api/chirps" for ::1 at 2020-07-22 11:38:35 -0400
Processing by Api::ChirpsController#index as JSON
  Rendering api/chirps/index.json.jbuilder
  [1m[36mChirp Load (0.8ms)[0m  [1m[34mSELECT "chirps".* FROM "chirps"[0m
  ↳ app/views/api/chirps/index.json.jbuilder:1
  Rendered api/chirps/_chirp.json.jbuilder (0.4ms)
  Rendered api/chirps/_chirp.json.jbuilder (0.1ms)
  Rendered api/chirps/_chirp.json.jbuilder (0.1ms)
  Rendered api/chirps/_chirp.json.jbuilder (0.0ms)
  Rendered api/chirps/_chirp.json.jbuilder (0.0ms)
  Rendered api/chirps/_chirp.json.jbuilder (0.0ms)
  Rendered api/chirps/index.json.jbuilder (7.4ms)
Completed 200 OK in 18ms (Views: 14.3ms | ActiveRecord: 0.8ms)


Started GET "/" for ::1 at 2020-07-22 11:38:38 -0400
Processing by RootController#root as HTML
  Rendering root/root.html.erb within layouts/application
  Rendered root/root.html.erb within layouts/application (0.5ms)
  [1m[36mUser Load (0.4ms)[0m  [1m[34mSELECT  "users".* FROM "users" WHERE "users"."session_token" = $1 LIMIT $2[0m  [["session_token", "hQH_UV1mITLOXecwsCXGKA"], ["LIMIT", 1]]
  ↳ app/controllers/application_controller.rb:26
Completed 200 OK in 59ms (Views: 53.9ms | ActiveRecord: 0.7ms)


Started GET "/api/chirps" for ::1 at 2020-07-22 11:38:38 -0400
Processing by Api::ChirpsController#index as JSON
  Rendering api/chirps/index.json.jbuilder
  [1m[36mChirp Load (0.4ms)[0m  [1m[34mSELECT "chirps".* FROM "chirps"[0m
  ↳ app/views/api/chirps/index.json.jbuilder:1
  Rendered api/chirps/_chirp.json.jbuilder (0.2ms)
  Rendered api/chirps/_chirp.json.jbuilder (0.1ms)
  Rendered api/chirps/_chirp.json.jbuilder (0.1ms)
  Rendered api/chirps/_chirp.json.jbuilder (0.1ms)
  Rendered api/chirps/_chirp.json.jbuilder (0.0ms)
  Rendered api/chirps/_chirp.json.jbuilder (0.0ms)
  Rendered api/chirps/index.json.jbuilder (6.4ms)
Completed 200 OK in 15ms (Views: 12.5ms | ActiveRecord: 0.4ms)


Started GET "/" for ::1 at 2020-07-22 11:38:39 -0400
Processing by RootController#root as HTML
  Rendering root/root.html.erb within layouts/application
  Rendered root/root.html.erb within layouts/application (0.4ms)
  [1m[36mUser Load (16.6ms)[0m  [1m[34mSELECT  "users".* FROM "users" WHERE "users"."session_token" = $1 LIMIT $2[0m  [["session_token", "hQH_UV1mITLOXecwsCXGKA"], ["LIMIT", 1]]
  ↳ app/controllers/application_controller.rb:26
Completed 200 OK in 87ms (Views: 66.9ms | ActiveRecord: 16.6ms)


Started GET "/api/chirps" for ::1 at 2020-07-22 11:38:39 -0400
Processing by Api::ChirpsController#index as JSON
  Rendering api/chirps/index.json.jbuilder
  [1m[36mChirp Load (0.5ms)[0m  [1m[34mSELECT "chirps".* FROM "chirps"[0m
  ↳ app/views/api/chirps/index.json.jbuilder:1
  Rendered api/chirps/_chirp.json.jbuilder (0.3ms)
  Rendered api/chirps/_chirp.json.jbuilder (0.1ms)
  Rendered api/chirps/_chirp.json.jbuilder (0.1ms)
  Rendered api/chirps/_chirp.json.jbuilder (0.1ms)
  Rendered api/chirps/_chirp.json.jbuilder (0.1ms)
  Rendered api/chirps/_chirp.json.jbuilder (0.1ms)
  Rendered api/chirps/index.json.jbuilder (7.2ms)
Completed 200 OK in 17ms (Views: 13.8ms | ActiveRecord: 0.5ms)


Started GET "/" for ::1 at 2020-07-22 11:46:29 -0400
Processing by RootController#root as HTML
  Rendering root/root.html.erb within layouts/application
  Rendered root/root.html.erb within layouts/application (0.7ms)
  [1m[36mUser Load (0.8ms)[0m  [1m[34mSELECT  "users".* FROM "users" WHERE "users"."session_token" = $1 LIMIT $2[0m  [["session_token", "hQH_UV1mITLOXecwsCXGKA"], ["LIMIT", 1]]
  ↳ app/controllers/application_controller.rb:26
Completed 200 OK in 282ms (Views: 259.9ms | ActiveRecord: 19.0ms)


Started GET "/api/chirps" for ::1 at 2020-07-22 11:46:30 -0400
Processing by Api::ChirpsController#index as JSON
  Rendering api/chirps/index.json.jbuilder
  [1m[36mChirp Load (12.4ms)[0m  [1m[34mSELECT "chirps".* FROM "chirps"[0m
  ↳ app/views/api/chirps/index.json.jbuilder:1
  Rendered api/chirps/_chirp.json.jbuilder (0.4ms)
  Rendered api/chirps/_chirp.json.jbuilder (0.1ms)
  Rendered api/chirps/_chirp.json.jbuilder (0.0ms)
  Rendered api/chirps/_chirp.json.jbuilder (0.0ms)
  Rendered api/chirps/_chirp.json.jbuilder (0.0ms)
  Rendered api/chirps/_chirp.json.jbuilder (0.1ms)
  Rendered api/chirps/index.json.jbuilder (18.7ms)
Completed 200 OK in 30ms (Views: 15.2ms | ActiveRecord: 12.4ms)


Started GET "/" for ::1 at 2020-07-22 11:46:33 -0400
Processing by RootController#root as HTML
  Rendering root/root.html.erb within layouts/application
  Rendered root/root.html.erb within layouts/application (0.5ms)
  [1m[36mUser Load (0.5ms)[0m  [1m[34mSELECT  "users".* FROM "users" WHERE "users"."session_token" = $1 LIMIT $2[0m  [["session_token", "hQH_UV1mITLOXecwsCXGKA"], ["LIMIT", 1]]
  ↳ app/controllers/application_controller.rb:26
Completed 200 OK in 60ms (Views: 56.5ms | ActiveRecord: 0.5ms)


Started GET "/api/chirps" for ::1 at 2020-07-22 11:50:17 -0400
Processing by Api::ChirpsController#index as JSON
  Rendering api/chirps/index.json.jbuilder
  [1m[36mChirp Load (0.5ms)[0m  [1m[34mSELECT "chirps".* FROM "chirps"[0m
  ↳ app/views/api/chirps/index.json.jbuilder:1
  Rendered api/chirps/_chirp.json.jbuilder (0.4ms)
  Rendered api/chirps/_chirp.json.jbuilder (0.1ms)
  Rendered api/chirps/_chirp.json.jbuilder (0.1ms)
  Rendered api/chirps/_chirp.json.jbuilder (0.1ms)
  Rendered api/chirps/_chirp.json.jbuilder (0.0ms)
  Rendered api/chirps/_chirp.json.jbuilder (0.0ms)
  Rendered api/chirps/index.json.jbuilder (16.6ms)
Completed 200 OK in 34ms (Views: 28.6ms | ActiveRecord: 0.5ms)


Started GET "/" for ::1 at 2020-07-22 11:59:26 -0400
Processing by RootController#root as HTML
  Rendering root/root.html.erb within layouts/application
  Rendered root/root.html.erb within layouts/application (0.4ms)
  [1m[36mUser Load (1.7ms)[0m  [1m[34mSELECT  "users".* FROM "users" WHERE "users"."session_token" = $1 LIMIT $2[0m  [["session_token", "hQH_UV1mITLOXecwsCXGKA"], ["LIMIT", 1]]
  ↳ app/controllers/application_controller.rb:26
Completed 200 OK in 80ms (Views: 74.9ms | ActiveRecord: 2.0ms)


Started GET "/" for ::1 at 2020-07-22 12:00:36 -0400
Processing by RootController#root as HTML
  Rendering root/root.html.erb within layouts/application
  Rendered root/root.html.erb within layouts/application (0.4ms)
  [1m[36mUser Load (0.6ms)[0m  [1m[34mSELECT  "users".* FROM "users" WHERE "users"."session_token" = $1 LIMIT $2[0m  [["session_token", "hQH_UV1mITLOXecwsCXGKA"], ["LIMIT", 1]]
  ↳ app/controllers/application_controller.rb:26
Completed 200 OK in 273ms (Views: 269.9ms | ActiveRecord: 0.6ms)


Started DELETE "/api/session" for ::1 at 2020-07-22 12:03:08 -0400
Processing by Api::SessionsController#destroy as JSON
  [1m[36mUser Load (0.5ms)[0m  [1m[34mSELECT  "users".* FROM "users" WHERE "users"."session_token" = $1 LIMIT $2[0m  [["session_token", "hQH_UV1mITLOXecwsCXGKA"], ["LIMIT", 1]]
  ↳ app/controllers/application_controller.rb:26
  [1m[35m (0.3ms)[0m  [1m[35mBEGIN[0m
  ↳ app/models/user.rb:84
  [1m[36mUser Exists (0.7ms)[0m  [1m[34mSELECT  1 AS one FROM "users" WHERE "users"."username" = $1 AND "users"."id" != $2 LIMIT $3[0m  [["username", "qwe"], ["id", 12], ["LIMIT", 1]]
  ↳ app/models/user.rb:84
  [1m[36mUser Update (0.9ms)[0m  [1m[33mUPDATE "users" SET "session_token" = $1 WHERE "users"."id" = $2[0m  [["session_token", "GK_t5eBIGkbDd0EpIbI9cA"], ["id", 12]]
  ↳ app/models/user.rb:84
  [1m[35m (1.1ms)[0m  [1m[35mCOMMIT[0m
  ↳ app/models/user.rb:84
Completed 200 OK in 9ms (Views: 0.2ms | ActiveRecord: 3.5ms)


Started POST "/api/users" for ::1 at 2020-07-22 12:03:18 -0400
Processing by Api::UsersController#create as JSON
  Parameters: {"user"=>{"username"=>"123", "email"=>"123", "password"=>"[FILTERED]"}}
  [1m[35m (8.0ms)[0m  [1m[35mBEGIN[0m
  ↳ app/controllers/api/users_controller.rb:4
  [1m[36mUser Exists (0.6ms)[0m  [1m[34mSELECT  1 AS one FROM "users" WHERE "users"."username" = $1 LIMIT $2[0m  [["username", "123"], ["LIMIT", 1]]
  ↳ app/controllers/api/users_controller.rb:4
  [1m[36mUser Create (0.8ms)[0m  [1m[32mINSERT INTO "users" ("username", "email", "password_digest", "session_token") VALUES ($1, $2, $3, $4) RETURNING "id"[0m  [["username", "123"], ["email", "123"], ["password_digest", "$2a$12$Z9fMNEgRQP1imOAtmLlrQObCzltHxFrNffTenDMHF1vkaRcNmul32"], ["session_token", "E3VkqrEyshvjfp2rUR-S5g"]]
  ↳ app/controllers/api/users_controller.rb:4
  [1m[35m (1.1ms)[0m  [1m[35mCOMMIT[0m
  ↳ app/controllers/api/users_controller.rb:4
  Rendering api/users/show.json.jbuilder
  Rendered api/users/show.json.jbuilder (0.5ms)
Completed 200 OK in 260ms (Views: 6.1ms | ActiveRecord: 10.3ms)


Started GET "/api/chirps" for ::1 at 2020-07-22 12:03:18 -0400
Processing by Api::ChirpsController#index as JSON
  Rendering api/chirps/index.json.jbuilder
  [1m[36mChirp Load (1.3ms)[0m  [1m[34mSELECT "chirps".* FROM "chirps"[0m
  ↳ app/views/api/chirps/index.json.jbuilder:1
  Rendered api/chirps/_chirp.json.jbuilder (0.3ms)
  Rendered api/chirps/_chirp.json.jbuilder (0.1ms)
  Rendered api/chirps/_chirp.json.jbuilder (0.0ms)
  Rendered api/chirps/_chirp.json.jbuilder (0.1ms)
  Rendered api/chirps/_chirp.json.jbuilder (0.1ms)
  Rendered api/chirps/_chirp.json.jbuilder (0.1ms)
  Rendered api/chirps/index.json.jbuilder (8.8ms)
Completed 200 OK in 18ms (Views: 14.1ms | ActiveRecord: 1.3ms)


Started GET "/" for ::1 at 2020-07-22 12:03:22 -0400
Processing by RootController#root as HTML
  Rendering root/root.html.erb within layouts/application
  Rendered root/root.html.erb within layouts/application (0.5ms)
  [1m[36mUser Load (0.4ms)[0m  [1m[34mSELECT  "users".* FROM "users" WHERE "users"."session_token" = $1 LIMIT $2[0m  [["session_token", "E3VkqrEyshvjfp2rUR-S5g"], ["LIMIT", 1]]
  ↳ app/controllers/application_controller.rb:26
Completed 200 OK in 253ms (Views: 249.0ms | ActiveRecord: 0.4ms)


Started GET "/" for ::1 at 2020-07-22 12:03:24 -0400
Processing by RootController#root as HTML
  Rendering root/root.html.erb within layouts/application
  Rendered root/root.html.erb within layouts/application (0.6ms)
  [1m[36mUser Load (18.6ms)[0m  [1m[34mSELECT  "users".* FROM "users" WHERE "users"."session_token" = $1 LIMIT $2[0m  [["session_token", "E3VkqrEyshvjfp2rUR-S5g"], ["LIMIT", 1]]
  ↳ app/controllers/application_controller.rb:26
Completed 200 OK in 80ms (Views: 57.7ms | ActiveRecord: 18.6ms)


Started GET "/" for ::1 at 2020-07-22 12:04:25 -0400
Processing by RootController#root as HTML
  Rendering root/root.html.erb within layouts/application
  Rendered root/root.html.erb within layouts/application (0.6ms)
  [1m[36mUser Load (0.4ms)[0m  [1m[34mSELECT  "users".* FROM "users" WHERE "users"."session_token" = $1 LIMIT $2[0m  [["session_token", "E3VkqrEyshvjfp2rUR-S5g"], ["LIMIT", 1]]
  ↳ app/controllers/application_controller.rb:26
Completed 200 OK in 265ms (Views: 261.6ms | ActiveRecord: 0.4ms)


Started GET "/api/chirps" for ::1 at 2020-07-22 12:04:26 -0400
Processing by Api::ChirpsController#index as JSON
  Rendering api/chirps/index.json.jbuilder
  [1m[36mChirp Load (10.4ms)[0m  [1m[34mSELECT "chirps".* FROM "chirps"[0m
  ↳ app/views/api/chirps/index.json.jbuilder:1
  Rendered api/chirps/_chirp.json.jbuilder (0.5ms)
  Rendered api/chirps/_chirp.json.jbuilder (0.2ms)
  Rendered api/chirps/_chirp.json.jbuilder (0.1ms)
  Rendered api/chirps/_chirp.json.jbuilder (0.1ms)
  Rendered api/chirps/_chirp.json.jbuilder (0.1ms)
  Rendered api/chirps/_chirp.json.jbuilder (0.1ms)
  Rendered api/chirps/index.json.jbuilder (20.8ms)
Completed 200 OK in 49ms (Views: 25.0ms | ActiveRecord: 10.4ms)


Started DELETE "/api/session" for ::1 at 2020-07-22 12:04:29 -0400
Processing by Api::SessionsController#destroy as JSON
  [1m[36mUser Load (0.9ms)[0m  [1m[34mSELECT  "users".* FROM "users" WHERE "users"."session_token" = $1 LIMIT $2[0m  [["session_token", "E3VkqrEyshvjfp2rUR-S5g"], ["LIMIT", 1]]
  ↳ app/controllers/application_controller.rb:26
  [1m[35m (0.2ms)[0m  [1m[35mBEGIN[0m
  ↳ app/models/user.rb:84
  [1m[36mUser Exists (0.6ms)[0m  [1m[34mSELECT  1 AS one FROM "users" WHERE "users"."username" = $1 AND "users"."id" != $2 LIMIT $3[0m  [["username", "123"], ["id", 13], ["LIMIT", 1]]
  ↳ app/models/user.rb:84
  [1m[36mUser Update (0.9ms)[0m  [1m[33mUPDATE "users" SET "session_token" = $1 WHERE "users"."id" = $2[0m  [["session_token", "aslU7GlQLJRnppOkRA7-_Q"], ["id", 13]]
  ↳ app/models/user.rb:84
  [1m[35m (18.5ms)[0m  [1m[35mCOMMIT[0m
  ↳ app/models/user.rb:84
Completed 200 OK in 35ms (Views: 0.4ms | ActiveRecord: 21.5ms)


Started GET "/" for ::1 at 2020-07-22 12:11:54 -0400
Processing by RootController#root as HTML
  Rendering root/root.html.erb within layouts/application
  Rendered root/root.html.erb within layouts/application (0.5ms)
Completed 200 OK in 263ms (Views: 260.3ms | ActiveRecord: 0.0ms)


Started GET "/" for ::1 at 2020-07-22 12:12:00 -0400
Processing by RootController#root as HTML
  Rendering root/root.html.erb within layouts/application
  Rendered root/root.html.erb within layouts/application (0.4ms)
Completed 200 OK in 66ms (Views: 61.8ms | ActiveRecord: 0.0ms)


Started POST "/api/users" for ::1 at 2020-07-22 12:12:18 -0400
Processing by Api::UsersController#create as JSON
  Parameters: {"user"=>{"username"=>"test123", "email"=>"test123", "password"=>"[FILTERED]"}}
  [1m[35m (0.4ms)[0m  [1m[35mBEGIN[0m
  ↳ app/controllers/api/users_controller.rb:4
  [1m[36mUser Exists (1.9ms)[0m  [1m[34mSELECT  1 AS one FROM "users" WHERE "users"."username" = $1 LIMIT $2[0m  [["username", "test123"], ["LIMIT", 1]]
  ↳ app/controllers/api/users_controller.rb:4
  [1m[36mUser Create (0.6ms)[0m  [1m[32mINSERT INTO "users" ("username", "email", "password_digest", "session_token") VALUES ($1, $2, $3, $4) RETURNING "id"[0m  [["username", "test123"], ["email", "test123"], ["password_digest", "$2a$12$q97.C6mSD8HTgoU170.Xr..YUp7nNiGEexnPVqVAtBlHvSHuMZfMS"], ["session_token", "SmTBY13mFFdW62QPdxvUfw"]]
  ↳ app/controllers/api/users_controller.rb:4
  [1m[35m (1.1ms)[0m  [1m[35mCOMMIT[0m
  ↳ app/controllers/api/users_controller.rb:4
  Rendering api/users/show.json.jbuilder
  Rendered api/users/show.json.jbuilder (0.5ms)
Completed 200 OK in 252ms (Views: 6.0ms | ActiveRecord: 4.0ms)


Started GET "/api/chirps" for ::1 at 2020-07-22 12:12:18 -0400
Processing by Api::ChirpsController#index as JSON
  Rendering api/chirps/index.json.jbuilder
  [1m[36mChirp Load (18.1ms)[0m  [1m[34mSELECT "chirps".* FROM "chirps"[0m
  ↳ app/views/api/chirps/index.json.jbuilder:1
  Rendered api/chirps/_chirp.json.jbuilder (0.3ms)
  Rendered api/chirps/_chirp.json.jbuilder (0.1ms)
  Rendered api/chirps/_chirp.json.jbuilder (0.0ms)
  Rendered api/chirps/_chirp.json.jbuilder (0.1ms)
  Rendered api/chirps/_chirp.json.jbuilder (0.0ms)
  Rendered api/chirps/_chirp.json.jbuilder (0.0ms)
  Rendered api/chirps/index.json.jbuilder (23.8ms)
Completed 200 OK in 33ms (Views: 12.8ms | ActiveRecord: 18.1ms)


Started GET "/" for ::1 at 2020-07-22 12:12:22 -0400
Processing by RootController#root as HTML
  Rendering root/root.html.erb within layouts/application
  Rendered root/root.html.erb within layouts/application (0.4ms)
  [1m[36mUser Load (0.4ms)[0m  [1m[34mSELECT  "users".* FROM "users" WHERE "users"."session_token" = $1 LIMIT $2[0m  [["session_token", "SmTBY13mFFdW62QPdxvUfw"], ["LIMIT", 1]]
  ↳ app/controllers/application_controller.rb:26
Completed 200 OK in 55ms (Views: 51.4ms | ActiveRecord: 0.6ms)


Started GET "/api/chirps" for ::1 at 2020-07-22 12:12:23 -0400
Processing by Api::ChirpsController#index as JSON
  Rendering api/chirps/index.json.jbuilder
  [1m[36mChirp Load (0.5ms)[0m  [1m[34mSELECT "chirps".* FROM "chirps"[0m
  ↳ app/views/api/chirps/index.json.jbuilder:1
  Rendered api/chirps/_chirp.json.jbuilder (0.3ms)
  Rendered api/chirps/_chirp.json.jbuilder (0.1ms)
  Rendered api/chirps/_chirp.json.jbuilder (0.1ms)
  Rendered api/chirps/_chirp.json.jbuilder (0.1ms)
  Rendered api/chirps/_chirp.json.jbuilder (0.1ms)
  Rendered api/chirps/_chirp.json.jbuilder (0.1ms)
  Rendered api/chirps/index.json.jbuilder (8.0ms)
Completed 200 OK in 18ms (Views: 14.9ms | ActiveRecord: 0.5ms)


Started POST "/api/likes" for ::1 at 2020-07-22 12:12:24 -0400
Processing by Api::LikesController#create as JSON
  Parameters: {"id"=>"1"}
  [1m[36mUser Load (0.5ms)[0m  [1m[34mSELECT  "users".* FROM "users" WHERE "users"."session_token" = $1 LIMIT $2[0m  [["session_token", "SmTBY13mFFdW62QPdxvUfw"], ["LIMIT", 1]]
  ↳ app/controllers/application_controller.rb:26
  [1m[35m (0.2ms)[0m  [1m[35mBEGIN[0m
  ↳ app/controllers/api/likes_controller.rb:6
  [1m[36mChirp Load (0.6ms)[0m  [1m[34mSELECT  "chirps".* FROM "chirps" WHERE "chirps"."id" = $1 LIMIT $2[0m  [["id", 1], ["LIMIT", 1]]
  ↳ app/controllers/api/likes_controller.rb:6
  [1m[36mUser Load (0.4ms)[0m  [1m[34mSELECT  "users".* FROM "users" WHERE "users"."id" = $1 LIMIT $2[0m  [["id", 14], ["LIMIT", 1]]
  ↳ app/controllers/api/likes_controller.rb:6
  [1m[36mLike Create (1.1ms)[0m  [1m[32mINSERT INTO "likes" ("user_id", "chirp_id", "created_at", "updated_at") VALUES ($1, $2, $3, $4) RETURNING "id"[0m  [["user_id", 14], ["chirp_id", 1], ["created_at", "2020-07-22 16:12:24.811940"], ["updated_at", "2020-07-22 16:12:24.811940"]]
  ↳ app/controllers/api/likes_controller.rb:6
  [1m[35m (1.0ms)[0m  [1m[35mCOMMIT[0m
  ↳ app/controllers/api/likes_controller.rb:6
  Rendering api/chirps/show.json.jbuilder
  Rendered api/chirps/_chirp.json.jbuilder (0.4ms)
  Rendered api/chirps/show.json.jbuilder (2.0ms)
Completed 200 OK in 68ms (Views: 13.3ms | ActiveRecord: 17.2ms)


Started DELETE "/api/session" for ::1 at 2020-07-22 12:12:36 -0400
Processing by Api::SessionsController#destroy as JSON
  [1m[36mUser Load (0.6ms)[0m  [1m[34mSELECT  "users".* FROM "users" WHERE "users"."session_token" = $1 LIMIT $2[0m  [["session_token", "SmTBY13mFFdW62QPdxvUfw"], ["LIMIT", 1]]
  ↳ app/controllers/application_controller.rb:26
  [1m[35m (0.2ms)[0m  [1m[35mBEGIN[0m
  ↳ app/models/user.rb:84
  [1m[36mUser Exists (0.5ms)[0m  [1m[34mSELECT  1 AS one FROM "users" WHERE "users"."username" = $1 AND "users"."id" != $2 LIMIT $3[0m  [["username", "test123"], ["id", 14], ["LIMIT", 1]]
  ↳ app/models/user.rb:84
  [1m[36mUser Update (0.8ms)[0m  [1m[33mUPDATE "users" SET "session_token" = $1 WHERE "users"."id" = $2[0m  [["session_token", "mSbhGPzJX41FlL26RBi8Gg"], ["id", 14]]
  ↳ app/models/user.rb:84
  [1m[35m (0.8ms)[0m  [1m[35mCOMMIT[0m
  ↳ app/models/user.rb:84
Completed 200 OK in 8ms (Views: 0.2ms | ActiveRecord: 2.9ms)


Started POST "/api/session" for ::1 at 2020-07-22 12:12:46 -0400
Processing by Api::SessionsController#create as JSON
  Parameters: {"user"=>{"username"=>"test123", "password"=>"[FILTERED]"}}
  [1m[36mUser Load (0.9ms)[0m  [1m[34mSELECT  "users".* FROM "users" WHERE "users"."username" = $1 LIMIT $2[0m  [["username", "test123"], ["LIMIT", 1]]
  ↳ app/models/user.rb:58
  Rendering api/users/show.json.jbuilder
  Rendered api/users/show.json.jbuilder (0.4ms)
Completed 200 OK in 278ms (Views: 6.6ms | ActiveRecord: 0.9ms)


Started GET "/api/chirps" for ::1 at 2020-07-22 12:12:46 -0400
Processing by Api::ChirpsController#index as JSON
  Rendering api/chirps/index.json.jbuilder
  [1m[36mChirp Load (0.4ms)[0m  [1m[34mSELECT "chirps".* FROM "chirps"[0m
  ↳ app/views/api/chirps/index.json.jbuilder:1
  Rendered api/chirps/_chirp.json.jbuilder (0.3ms)
  Rendered api/chirps/_chirp.json.jbuilder (0.0ms)
  Rendered api/chirps/_chirp.json.jbuilder (0.1ms)
  Rendered api/chirps/_chirp.json.jbuilder (0.1ms)
  Rendered api/chirps/_chirp.json.jbuilder (0.1ms)
  Rendered api/chirps/_chirp.json.jbuilder (0.1ms)
  Rendered api/chirps/index.json.jbuilder (6.6ms)
Completed 200 OK in 15ms (Views: 13.0ms | ActiveRecord: 0.4ms)


Started DELETE "/api/session" for ::1 at 2020-07-22 12:12:49 -0400
Processing by Api::SessionsController#destroy as JSON
  [1m[36mUser Load (0.6ms)[0m  [1m[34mSELECT  "users".* FROM "users" WHERE "users"."session_token" = $1 LIMIT $2[0m  [["session_token", "mSbhGPzJX41FlL26RBi8Gg"], ["LIMIT", 1]]
  ↳ app/controllers/application_controller.rb:26
  [1m[35m (0.2ms)[0m  [1m[35mBEGIN[0m
  ↳ app/models/user.rb:84
  [1m[36mUser Exists (0.6ms)[0m  [1m[34mSELECT  1 AS one FROM "users" WHERE "users"."username" = $1 AND "users"."id" != $2 LIMIT $3[0m  [["username", "test123"], ["id", 14], ["LIMIT", 1]]
  ↳ app/models/user.rb:84
  [1m[36mUser Update (0.6ms)[0m  [1m[33mUPDATE "users" SET "session_token" = $1 WHERE "users"."id" = $2[0m  [["session_token", "zDOThFbdJjIJOQOrGiw8TA"], ["id", 14]]
  ↳ app/models/user.rb:84
  [1m[35m (0.8ms)[0m  [1m[35mCOMMIT[0m
  ↳ app/models/user.rb:84
Completed 200 OK in 9ms (Views: 0.3ms | ActiveRecord: 2.9ms)


Started GET "/" for ::1 at 2020-07-22 12:13:33 -0400
Processing by RootController#root as HTML
  Rendering root/root.html.erb within layouts/application
  Rendered root/root.html.erb within layouts/application (0.5ms)
Completed 200 OK in 61ms (Views: 56.7ms | ActiveRecord: 0.0ms)


Started POST "/api/session" for ::1 at 2020-07-22 12:13:43 -0400
Processing by Api::SessionsController#create as JSON
  Parameters: {"user"=>{"username"=>"test123", "password"=>"[FILTERED]"}}
  [1m[36mUser Load (0.6ms)[0m  [1m[34mSELECT  "users".* FROM "users" WHERE "users"."username" = $1 LIMIT $2[0m  [["username", "test123"], ["LIMIT", 1]]
  ↳ app/models/user.rb:58
  Rendering api/users/show.json.jbuilder
  Rendered api/users/show.json.jbuilder (0.6ms)
Completed 200 OK in 248ms (Views: 6.5ms | ActiveRecord: 0.6ms)


Started GET "/api/chirps" for ::1 at 2020-07-22 12:13:43 -0400
Processing by Api::ChirpsController#index as JSON
  Rendering api/chirps/index.json.jbuilder
  [1m[36mChirp Load (0.4ms)[0m  [1m[34mSELECT "chirps".* FROM "chirps"[0m
  ↳ app/views/api/chirps/index.json.jbuilder:1
  [1m[35m (1.1ms)[0m  [1m[34mSELECT COUNT(*) FROM "likes" WHERE "likes"."chirp_id" = $1[0m  [["chirp_id", 1]]
  ↳ app/views/api/chirps/_chirp.json.jbuilder:2
  [1m[36mUser Load (0.4ms)[0m  [1m[34mSELECT  "users".* FROM "users" WHERE "users"."session_token" = $1 LIMIT $2[0m  [["session_token", "zDOThFbdJjIJOQOrGiw8TA"], ["LIMIT", 1]]
  ↳ app/controllers/application_controller.rb:26
  [1m[36mLike Load (0.2ms)[0m  [1m[34mSELECT  "likes".* FROM "likes" WHERE "likes"."chirp_id" = $1 AND "likes"."user_id" = $2 LIMIT $3[0m  [["chirp_id", 1], ["user_id", 14], ["LIMIT", 1]]
  ↳ app/views/api/chirps/_chirp.json.jbuilder:3
  Rendered api/chirps/_chirp.json.jbuilder (13.7ms)
  [1m[35m (0.4ms)[0m  [1m[34mSELECT COUNT(*) FROM "likes" WHERE "likes"."chirp_id" = $1[0m  [["chirp_id", 2]]
  ↳ app/views/api/chirps/_chirp.json.jbuilder:2
  [1m[36mLike Load (0.3ms)[0m  [1m[34mSELECT  "likes".* FROM "likes" WHERE "likes"."chirp_id" = $1 AND "likes"."user_id" = $2 LIMIT $3[0m  [["chirp_id", 2], ["user_id", 14], ["LIMIT", 1]]
  ↳ app/views/api/chirps/_chirp.json.jbuilder:3
  Rendered api/chirps/_chirp.json.jbuilder (2.0ms)
  [1m[35m (0.4ms)[0m  [1m[34mSELECT COUNT(*) FROM "likes" WHERE "likes"."chirp_id" = $1[0m  [["chirp_id", 3]]
  ↳ app/views/api/chirps/_chirp.json.jbuilder:2
  [1m[36mLike Load (0.3ms)[0m  [1m[34mSELECT  "likes".* FROM "likes" WHERE "likes"."chirp_id" = $1 AND "likes"."user_id" = $2 LIMIT $3[0m  [["chirp_id", 3], ["user_id", 14], ["LIMIT", 1]]
  ↳ app/views/api/chirps/_chirp.json.jbuilder:3
  Rendered api/chirps/_chirp.json.jbuilder (1.9ms)
  [1m[35m (18.2ms)[0m  [1m[34mSELECT COUNT(*) FROM "likes" WHERE "likes"."chirp_id" = $1[0m  [["chirp_id", 4]]
  ↳ app/views/api/chirps/_chirp.json.jbuilder:2
  [1m[36mLike Load (0.3ms)[0m  [1m[34mSELECT  "likes".* FROM "likes" WHERE "likes"."chirp_id" = $1 AND "likes"."user_id" = $2 LIMIT $3[0m  [["chirp_id", 4], ["user_id", 14], ["LIMIT", 1]]
  ↳ app/views/api/chirps/_chirp.json.jbuilder:3
  Rendered api/chirps/_chirp.json.jbuilder (20.6ms)
  [1m[35m (0.4ms)[0m  [1m[34mSELECT COUNT(*) FROM "likes" WHERE "likes"."chirp_id" = $1[0m  [["chirp_id", 5]]
  ↳ app/views/api/chirps/_chirp.json.jbuilder:2
  [1m[36mLike Load (0.3ms)[0m  [1m[34mSELECT  "likes".* FROM "likes" WHERE "likes"."chirp_id" = $1 AND "likes"."user_id" = $2 LIMIT $3[0m  [["chirp_id", 5], ["user_id", 14], ["LIMIT", 1]]
  ↳ app/views/api/chirps/_chirp.json.jbuilder:3
  Rendered api/chirps/_chirp.json.jbuilder (2.3ms)
  [1m[35m (0.4ms)[0m  [1m[34mSELECT COUNT(*) FROM "likes" WHERE "likes"."chirp_id" = $1[0m  [["chirp_id", 6]]
  ↳ app/views/api/chirps/_chirp.json.jbuilder:2
  [1m[36mLike Load (0.3ms)[0m  [1m[34mSELECT  "likes".* FROM "likes" WHERE "likes"."chirp_id" = $1 AND "likes"."user_id" = $2 LIMIT $3[0m  [["chirp_id", 6], ["user_id", 14], ["LIMIT", 1]]
  ↳ app/views/api/chirps/_chirp.json.jbuilder:3
  Rendered api/chirps/_chirp.json.jbuilder (2.1ms)
  Rendered api/chirps/index.json.jbuilder (49.0ms)
Completed 200 OK in 58ms (Views: 32.1ms | ActiveRecord: 23.4ms)


Started DELETE "/api/likes" for ::1 at 2020-07-22 12:13:46 -0400
Processing by Api::LikesController#destroy as JSON
  Parameters: {"id"=>"1"}
  [1m[36mUser Load (0.9ms)[0m  [1m[34mSELECT  "users".* FROM "users" WHERE "users"."session_token" = $1 LIMIT $2[0m  [["session_token", "zDOThFbdJjIJOQOrGiw8TA"], ["LIMIT", 1]]
  ↳ app/controllers/application_controller.rb:26
  [1m[36mLike Load (0.4ms)[0m  [1m[34mSELECT  "likes".* FROM "likes" WHERE "likes"."user_id" = $1 AND "likes"."chirp_id" = $2 LIMIT $3[0m  [["user_id", 14], ["chirp_id", 1], ["LIMIT", 1]]
  ↳ app/controllers/api/likes_controller.rb:15
  [1m[35m (0.2ms)[0m  [1m[35mBEGIN[0m
  ↳ app/controllers/api/likes_controller.rb:16
  [1m[36mLike Destroy (0.5ms)[0m  [1m[31mDELETE FROM "likes" WHERE "likes"."id" = $1[0m  [["id", 7]]
  ↳ app/controllers/api/likes_controller.rb:16
  [1m[35m (0.7ms)[0m  [1m[35mCOMMIT[0m
  ↳ app/controllers/api/likes_controller.rb:16
  [1m[36mChirp Load (0.4ms)[0m  [1m[34mSELECT  "chirps".* FROM "chirps" WHERE "chirps"."id" = $1 LIMIT $2[0m  [["id", 1], ["LIMIT", 1]]
  ↳ app/controllers/api/likes_controller.rb:17
  Rendering api/chirps/show.json.jbuilder
  [1m[35m (8.1ms)[0m  [1m[34mSELECT COUNT(*) FROM "likes" WHERE "likes"."chirp_id" = $1[0m  [["chirp_id", 1]]
  ↳ app/views/api/chirps/_chirp.json.jbuilder:2
  [1m[36mLike Load (0.3ms)[0m  [1m[34mSELECT  "likes".* FROM "likes" WHERE "likes"."chirp_id" = $1 AND "likes"."user_id" = $2 LIMIT $3[0m  [["chirp_id", 1], ["user_id", 14], ["LIMIT", 1]]
  ↳ app/views/api/chirps/_chirp.json.jbuilder:3
  Rendered api/chirps/_chirp.json.jbuilder (11.8ms)
  Rendered api/chirps/show.json.jbuilder (13.7ms)
Completed 200 OK in 35ms (Views: 16.1ms | ActiveRecord: 11.5ms)


Started POST "/api/likes" for ::1 at 2020-07-22 12:13:47 -0400
Processing by Api::LikesController#create as JSON
  Parameters: {"id"=>"1"}
  [1m[36mUser Load (0.4ms)[0m  [1m[34mSELECT  "users".* FROM "users" WHERE "users"."session_token" = $1 LIMIT $2[0m  [["session_token", "zDOThFbdJjIJOQOrGiw8TA"], ["LIMIT", 1]]
  ↳ app/controllers/application_controller.rb:26
  [1m[35m (0.2ms)[0m  [1m[35mBEGIN[0m
  ↳ app/controllers/api/likes_controller.rb:6
  [1m[36mChirp Load (0.4ms)[0m  [1m[34mSELECT  "chirps".* FROM "chirps" WHERE "chirps"."id" = $1 LIMIT $2[0m  [["id", 1], ["LIMIT", 1]]
  ↳ app/controllers/api/likes_controller.rb:6
  [1m[36mUser Load (0.4ms)[0m  [1m[34mSELECT  "users".* FROM "users" WHERE "users"."id" = $1 LIMIT $2[0m  [["id", 14], ["LIMIT", 1]]
  ↳ app/controllers/api/likes_controller.rb:6
  [1m[36mLike Create (0.5ms)[0m  [1m[32mINSERT INTO "likes" ("user_id", "chirp_id", "created_at", "updated_at") VALUES ($1, $2, $3, $4) RETURNING "id"[0m  [["user_id", 14], ["chirp_id", 1], ["created_at", "2020-07-22 16:13:47.083178"], ["updated_at", "2020-07-22 16:13:47.083178"]]
  ↳ app/controllers/api/likes_controller.rb:6
  [1m[35m (1.0ms)[0m  [1m[35mCOMMIT[0m
  ↳ app/controllers/api/likes_controller.rb:6
  Rendering api/chirps/show.json.jbuilder
  [1m[35m (5.6ms)[0m  [1m[34mSELECT COUNT(*) FROM "likes" WHERE "likes"."chirp_id" = $1[0m  [["chirp_id", 1]]
  ↳ app/views/api/chirps/_chirp.json.jbuilder:2
  [1m[36mLike Load (0.3ms)[0m  [1m[34mSELECT  "likes".* FROM "likes" WHERE "likes"."chirp_id" = $1 AND "likes"."user_id" = $2 LIMIT $3[0m  [["chirp_id", 1], ["user_id", 14], ["LIMIT", 1]]
  ↳ app/views/api/chirps/_chirp.json.jbuilder:3
  Rendered api/chirps/_chirp.json.jbuilder (9.5ms)
  Rendered api/chirps/show.json.jbuilder (11.3ms)
Completed 200 OK in 33ms (Views: 17.4ms | ActiveRecord: 8.9ms)


Started DELETE "/api/likes" for ::1 at 2020-07-22 12:13:48 -0400
Processing by Api::LikesController#destroy as JSON
  Parameters: {"id"=>"1"}
  [1m[36mUser Load (16.0ms)[0m  [1m[34mSELECT  "users".* FROM "users" WHERE "users"."session_token" = $1 LIMIT $2[0m  [["session_token", "zDOThFbdJjIJOQOrGiw8TA"], ["LIMIT", 1]]
  ↳ app/controllers/application_controller.rb:26
  [1m[36mLike Load (0.6ms)[0m  [1m[34mSELECT  "likes".* FROM "likes" WHERE "likes"."user_id" = $1 AND "likes"."chirp_id" = $2 LIMIT $3[0m  [["user_id", 14], ["chirp_id", 1], ["LIMIT", 1]]
  ↳ app/controllers/api/likes_controller.rb:15
  [1m[35m (0.3ms)[0m  [1m[35mBEGIN[0m
  ↳ app/controllers/api/likes_controller.rb:16
  [1m[36mLike Destroy (0.6ms)[0m  [1m[31mDELETE FROM "likes" WHERE "likes"."id" = $1[0m  [["id", 8]]
  ↳ app/controllers/api/likes_controller.rb:16
  [1m[35m (1.0ms)[0m  [1m[35mCOMMIT[0m
  ↳ app/controllers/api/likes_controller.rb:16
  [1m[36mChirp Load (0.7ms)[0m  [1m[34mSELECT  "chirps".* FROM "chirps" WHERE "chirps"."id" = $1 LIMIT $2[0m  [["id", 1], ["LIMIT", 1]]
  ↳ app/controllers/api/likes_controller.rb:17
  Rendering api/chirps/show.json.jbuilder
  [1m[35m (0.6ms)[0m  [1m[34mSELECT COUNT(*) FROM "likes" WHERE "likes"."chirp_id" = $1[0m  [["chirp_id", 1]]
  ↳ app/views/api/chirps/_chirp.json.jbuilder:2
  [1m[36mLike Load (0.2ms)[0m  [1m[34mSELECT  "likes".* FROM "likes" WHERE "likes"."chirp_id" = $1 AND "likes"."user_id" = $2 LIMIT $3[0m  [["chirp_id", 1], ["user_id", 14], ["LIMIT", 1]]
  ↳ app/views/api/chirps/_chirp.json.jbuilder:3
  Rendered api/chirps/_chirp.json.jbuilder (3.9ms)
  Rendered api/chirps/show.json.jbuilder (5.9ms)
Completed 200 OK in 46ms (Views: 17.2ms | ActiveRecord: 19.9ms)


Started POST "/api/likes" for ::1 at 2020-07-22 12:13:49 -0400
Processing by Api::LikesController#create as JSON
  Parameters: {"id"=>"1"}
  [1m[36mUser Load (0.4ms)[0m  [1m[34mSELECT  "users".* FROM "users" WHERE "users"."session_token" = $1 LIMIT $2[0m  [["session_token", "zDOThFbdJjIJOQOrGiw8TA"], ["LIMIT", 1]]
  ↳ app/controllers/application_controller.rb:26
  [1m[35m (0.2ms)[0m  [1m[35mBEGIN[0m
  ↳ app/controllers/api/likes_controller.rb:6
  [1m[36mChirp Load (0.4ms)[0m  [1m[34mSELECT  "chirps".* FROM "chirps" WHERE "chirps"."id" = $1 LIMIT $2[0m  [["id", 1], ["LIMIT", 1]]
  ↳ app/controllers/api/likes_controller.rb:6
  [1m[36mUser Load (0.4ms)[0m  [1m[34mSELECT  "users".* FROM "users" WHERE "users"."id" = $1 LIMIT $2[0m  [["id", 14], ["LIMIT", 1]]
  ↳ app/controllers/api/likes_controller.rb:6
  [1m[36mLike Create (0.6ms)[0m  [1m[32mINSERT INTO "likes" ("user_id", "chirp_id", "created_at", "updated_at") VALUES ($1, $2, $3, $4) RETURNING "id"[0m  [["user_id", 14], ["chirp_id", 1], ["created_at", "2020-07-22 16:13:49.830985"], ["updated_at", "2020-07-22 16:13:49.830985"]]
  ↳ app/controllers/api/likes_controller.rb:6
  [1m[35m (0.8ms)[0m  [1m[35mCOMMIT[0m
  ↳ app/controllers/api/likes_controller.rb:6
  Rendering api/chirps/show.json.jbuilder
  [1m[35m (8.1ms)[0m  [1m[34mSELECT COUNT(*) FROM "likes" WHERE "likes"."chirp_id" = $1[0m  [["chirp_id", 1]]
  ↳ app/views/api/chirps/_chirp.json.jbuilder:2
  [1m[36mLike Load (0.6ms)[0m  [1m[34mSELECT  "likes".* FROM "likes" WHERE "likes"."chirp_id" = $1 AND "likes"."user_id" = $2 LIMIT $3[0m  [["chirp_id", 1], ["user_id", 14], ["LIMIT", 1]]
  ↳ app/views/api/chirps/_chirp.json.jbuilder:3
  Rendered api/chirps/_chirp.json.jbuilder (12.9ms)
  Rendered api/chirps/show.json.jbuilder (14.9ms)
Completed 200 OK in 36ms (Views: 18.0ms | ActiveRecord: 11.4ms)


Started POST "/api/likes" for ::1 at 2020-07-22 12:13:51 -0400
Processing by Api::LikesController#create as JSON
  Parameters: {"id"=>"3"}
  [1m[36mUser Load (0.4ms)[0m  [1m[34mSELECT  "users".* FROM "users" WHERE "users"."session_token" = $1 LIMIT $2[0m  [["session_token", "zDOThFbdJjIJOQOrGiw8TA"], ["LIMIT", 1]]
  ↳ app/controllers/application_controller.rb:26
  [1m[35m (0.2ms)[0m  [1m[35mBEGIN[0m
  ↳ app/controllers/api/likes_controller.rb:6
  [1m[36mChirp Load (0.4ms)[0m  [1m[34mSELECT  "chirps".* FROM "chirps" WHERE "chirps"."id" = $1 LIMIT $2[0m  [["id", 3], ["LIMIT", 1]]
  ↳ app/controllers/api/likes_controller.rb:6
  [1m[36mUser Load (0.3ms)[0m  [1m[34mSELECT  "users".* FROM "users" WHERE "users"."id" = $1 LIMIT $2[0m  [["id", 14], ["LIMIT", 1]]
  ↳ app/controllers/api/likes_controller.rb:6
  [1m[36mLike Create (0.5ms)[0m  [1m[32mINSERT INTO "likes" ("user_id", "chirp_id", "created_at", "updated_at") VALUES ($1, $2, $3, $4) RETURNING "id"[0m  [["user_id", 14], ["chirp_id", 3], ["created_at", "2020-07-22 16:13:51.714498"], ["updated_at", "2020-07-22 16:13:51.714498"]]
  ↳ app/controllers/api/likes_controller.rb:6
  [1m[35m (0.9ms)[0m  [1m[35mCOMMIT[0m
  ↳ app/controllers/api/likes_controller.rb:6
  Rendering api/chirps/show.json.jbuilder
  [1m[35m (0.6ms)[0m  [1m[34mSELECT COUNT(*) FROM "likes" WHERE "likes"."chirp_id" = $1[0m  [["chirp_id", 3]]
  ↳ app/views/api/chirps/_chirp.json.jbuilder:2
  [1m[36mLike Load (0.3ms)[0m  [1m[34mSELECT  "likes".* FROM "likes" WHERE "likes"."chirp_id" = $1 AND "likes"."user_id" = $2 LIMIT $3[0m  [["chirp_id", 3], ["user_id", 14], ["LIMIT", 1]]
  ↳ app/views/api/chirps/_chirp.json.jbuilder:3
  Rendered api/chirps/_chirp.json.jbuilder (3.7ms)
  Rendered api/chirps/show.json.jbuilder (5.4ms)
Completed 200 OK in 27ms (Views: 16.6ms | ActiveRecord: 3.6ms)


Started DELETE "/api/likes" for ::1 at 2020-07-22 12:13:52 -0400
Processing by Api::LikesController#destroy as JSON
  Parameters: {"id"=>"3"}
  [1m[36mUser Load (0.4ms)[0m  [1m[34mSELECT  "users".* FROM "users" WHERE "users"."session_token" = $1 LIMIT $2[0m  [["session_token", "zDOThFbdJjIJOQOrGiw8TA"], ["LIMIT", 1]]
  ↳ app/controllers/application_controller.rb:26
  [1m[36mLike Load (0.5ms)[0m  [1m[34mSELECT  "likes".* FROM "likes" WHERE "likes"."user_id" = $1 AND "likes"."chirp_id" = $2 LIMIT $3[0m  [["user_id", 14], ["chirp_id", 3], ["LIMIT", 1]]
  ↳ app/controllers/api/likes_controller.rb:15
  [1m[35m (0.3ms)[0m  [1m[35mBEGIN[0m
  ↳ app/controllers/api/likes_controller.rb:16
  [1m[36mLike Destroy (0.5ms)[0m  [1m[31mDELETE FROM "likes" WHERE "likes"."id" = $1[0m  [["id", 10]]
  ↳ app/controllers/api/likes_controller.rb:16
  [1m[35m (1.1ms)[0m  [1m[35mCOMMIT[0m
  ↳ app/controllers/api/likes_controller.rb:16
  [1m[36mChirp Load (0.4ms)[0m  [1m[34mSELECT  "chirps".* FROM "chirps" WHERE "chirps"."id" = $1 LIMIT $2[0m  [["id", 3], ["LIMIT", 1]]
  ↳ app/controllers/api/likes_controller.rb:17
  Rendering api/chirps/show.json.jbuilder
  [1m[35m (0.6ms)[0m  [1m[34mSELECT COUNT(*) FROM "likes" WHERE "likes"."chirp_id" = $1[0m  [["chirp_id", 3]]
  ↳ app/views/api/chirps/_chirp.json.jbuilder:2
  [1m[36mLike Load (0.3ms)[0m  [1m[34mSELECT  "likes".* FROM "likes" WHERE "likes"."chirp_id" = $1 AND "likes"."user_id" = $2 LIMIT $3[0m  [["chirp_id", 3], ["user_id", 14], ["LIMIT", 1]]
  ↳ app/views/api/chirps/_chirp.json.jbuilder:3
  Rendered api/chirps/_chirp.json.jbuilder (3.8ms)
  Rendered api/chirps/show.json.jbuilder (5.8ms)
Completed 200 OK in 26ms (Views: 15.7ms | ActiveRecord: 4.1ms)


Started POST "/api/likes" for ::1 at 2020-07-22 12:13:53 -0400
Processing by Api::LikesController#create as JSON
  Parameters: {"id"=>"3"}
  [1m[36mUser Load (0.4ms)[0m  [1m[34mSELECT  "users".* FROM "users" WHERE "users"."session_token" = $1 LIMIT $2[0m  [["session_token", "zDOThFbdJjIJOQOrGiw8TA"], ["LIMIT", 1]]
  ↳ app/controllers/application_controller.rb:26
  [1m[35m (0.2ms)[0m  [1m[35mBEGIN[0m
  ↳ app/controllers/api/likes_controller.rb:6
  [1m[36mChirp Load (0.2ms)[0m  [1m[34mSELECT  "chirps".* FROM "chirps" WHERE "chirps"."id" = $1 LIMIT $2[0m  [["id", 3], ["LIMIT", 1]]
  ↳ app/controllers/api/likes_controller.rb:6
  [1m[36mUser Load (0.5ms)[0m  [1m[34mSELECT  "users".* FROM "users" WHERE "users"."id" = $1 LIMIT $2[0m  [["id", 14], ["LIMIT", 1]]
  ↳ app/controllers/api/likes_controller.rb:6
  [1m[36mLike Create (0.6ms)[0m  [1m[32mINSERT INTO "likes" ("user_id", "chirp_id", "created_at", "updated_at") VALUES ($1, $2, $3, $4) RETURNING "id"[0m  [["user_id", 14], ["chirp_id", 3], ["created_at", "2020-07-22 16:13:53.115175"], ["updated_at", "2020-07-22 16:13:53.115175"]]
  ↳ app/controllers/api/likes_controller.rb:6
  [1m[35m (1.0ms)[0m  [1m[35mCOMMIT[0m
  ↳ app/controllers/api/likes_controller.rb:6
  Rendering api/chirps/show.json.jbuilder
  [1m[35m (0.6ms)[0m  [1m[34mSELECT COUNT(*) FROM "likes" WHERE "likes"."chirp_id" = $1[0m  [["chirp_id", 3]]
  ↳ app/views/api/chirps/_chirp.json.jbuilder:2
  [1m[36mLike Load (0.4ms)[0m  [1m[34mSELECT  "likes".* FROM "likes" WHERE "likes"."chirp_id" = $1 AND "likes"."user_id" = $2 LIMIT $3[0m  [["chirp_id", 3], ["user_id", 14], ["LIMIT", 1]]
  ↳ app/views/api/chirps/_chirp.json.jbuilder:3
  Rendered api/chirps/_chirp.json.jbuilder (3.9ms)
  Rendered api/chirps/show.json.jbuilder (5.9ms)
Completed 200 OK in 26ms (Views: 15.7ms | ActiveRecord: 3.9ms)


Started DELETE "/api/likes" for ::1 at 2020-07-22 12:13:53 -0400
Processing by Api::LikesController#destroy as JSON
  Parameters: {"id"=>"3"}
  [1m[36mUser Load (0.5ms)[0m  [1m[34mSELECT  "users".* FROM "users" WHERE "users"."session_token" = $1 LIMIT $2[0m  [["session_token", "zDOThFbdJjIJOQOrGiw8TA"], ["LIMIT", 1]]
  ↳ app/controllers/application_controller.rb:26
  [1m[36mLike Load (0.7ms)[0m  [1m[34mSELECT  "likes".* FROM "likes" WHERE "likes"."user_id" = $1 AND "likes"."chirp_id" = $2 LIMIT $3[0m  [["user_id", 14], ["chirp_id", 3], ["LIMIT", 1]]
  ↳ app/controllers/api/likes_controller.rb:15
  [1m[35m (0.3ms)[0m  [1m[35mBEGIN[0m
  ↳ app/controllers/api/likes_controller.rb:16
  [1m[36mLike Destroy (0.6ms)[0m  [1m[31mDELETE FROM "likes" WHERE "likes"."id" = $1[0m  [["id", 11]]
  ↳ app/controllers/api/likes_controller.rb:16
  [1m[35m (0.9ms)[0m  [1m[35mCOMMIT[0m
  ↳ app/controllers/api/likes_controller.rb:16
  [1m[36mChirp Load (0.3ms)[0m  [1m[34mSELECT  "chirps".* FROM "chirps" WHERE "chirps"."id" = $1 LIMIT $2[0m  [["id", 3], ["LIMIT", 1]]
  ↳ app/controllers/api/likes_controller.rb:17
  Rendering api/chirps/show.json.jbuilder
  [1m[35m (0.6ms)[0m  [1m[34mSELECT COUNT(*) FROM "likes" WHERE "likes"."chirp_id" = $1[0m  [["chirp_id", 3]]
  ↳ app/views/api/chirps/_chirp.json.jbuilder:2
  [1m[36mLike Load (0.3ms)[0m  [1m[34mSELECT  "likes".* FROM "likes" WHERE "likes"."chirp_id" = $1 AND "likes"."user_id" = $2 LIMIT $3[0m  [["chirp_id", 3], ["user_id", 14], ["LIMIT", 1]]
  ↳ app/views/api/chirps/_chirp.json.jbuilder:3
  Rendered api/chirps/_chirp.json.jbuilder (3.7ms)
  Rendered api/chirps/show.json.jbuilder (5.4ms)
Completed 200 OK in 28ms (Views: 16.9ms | ActiveRecord: 4.0ms)


Started DELETE "/api/session" for ::1 at 2020-07-22 12:13:56 -0400
Processing by Api::SessionsController#destroy as JSON
  [1m[36mUser Load (0.4ms)[0m  [1m[34mSELECT  "users".* FROM "users" WHERE "users"."session_token" = $1 LIMIT $2[0m  [["session_token", "zDOThFbdJjIJOQOrGiw8TA"], ["LIMIT", 1]]
  ↳ app/controllers/application_controller.rb:26
  [1m[35m (0.2ms)[0m  [1m[35mBEGIN[0m
  ↳ app/models/user.rb:84
  [1m[36mUser Exists (0.6ms)[0m  [1m[34mSELECT  1 AS one FROM "users" WHERE "users"."username" = $1 AND "users"."id" != $2 LIMIT $3[0m  [["username", "test123"], ["id", 14], ["LIMIT", 1]]
  ↳ app/models/user.rb:84
  [1m[36mUser Update (0.6ms)[0m  [1m[33mUPDATE "users" SET "session_token" = $1 WHERE "users"."id" = $2[0m  [["session_token", "c9onNOnwHYTPYkALv025oQ"], ["id", 14]]
  ↳ app/models/user.rb:84
  [1m[35m (0.8ms)[0m  [1m[35mCOMMIT[0m
  ↳ app/models/user.rb:84
Completed 200 OK in 8ms (Views: 0.3ms | ActiveRecord: 2.7ms)


Started GET "/" for ::1 at 2020-07-22 12:15:39 -0400
Processing by RootController#root as HTML
  Rendering root/root.html.erb within layouts/application
  Rendered root/root.html.erb within layouts/application (0.3ms)
Completed 200 OK in 232ms (Views: 230.0ms | ActiveRecord: 0.0ms)


